2015/05/07 11:02:57:info: Logging initialised
2015/05/07 11:02:57:info: PayrollExport.EXE Started
2015/05/07 11:02:57:info: Loading Configuration File
2015/05/07 11:02:57:info: 
Payroll Export Configuration
ExportFileSaveLocation: c:\PayrollExport\Export
ExportFileBackupLocation: c:\PayrollExport\Export\Backup
UseDecimalHourFormat: True
ExportHourlyPaid: True
ExportSalaryPaid: False
ExportEndDay: Sunday
UseExportEndDay: True
UseSSN: False

2015/05/07 11:03:26:info: Loading scripts
2015/05/07 11:03:26:info: 1 scripts loaded 
2015/05/07 11:05:18:info: PayrollExport.EXE Ended
2015/05/07 14:19:50:info: Logging initialised
2015/05/07 14:19:50:info: PayrollExport.EXE Started
2015/05/07 14:19:50:info: Loading Configuration File
2015/05/07 14:19:50:info: 
Payroll Export Configuration
ExportFileSaveLocation: c:\PayrollExport\Export
ExportFileBackupLocation: c:\PayrollExport\Export\Backup
UseDecimalHourFormat: True
ExportHourlyPaid: True
ExportSalaryPaid: False
ExportEndDay: Sunday
UseExportEndDay: True
UseSSN: False

2015/05/07 14:20:14:info: Loading scripts
2015/05/07 14:20:14:info: 1 scripts loaded 
2015/05/07 14:22:21:info: PayrollExport.EXE Ended
2015/05/07 15:33:25:info: Logging initialised
2015/05/07 15:33:25:info: PayrollExport.EXE Started
2015/05/07 15:33:25:info: Loading Configuration File
2015/05/07 15:33:25:info: 
Payroll Export Configuration
ExportFileSaveLocation: c:\PayrollExport\Export
ExportFileBackupLocation: c:\PayrollExport\Export\Backup
UseDecimalHourFormat: True
ExportHourlyPaid: True
ExportSalaryPaid: False
ExportEndDay: Sunday
UseExportEndDay: True
UseSSN: False

2015/05/07 15:36:09:info: PayrollExport.EXE Ended
2015/05/07 15:36:12:info: Logging initialised
2015/05/07 15:36:12:info: PayrollExport.EXE Started
2015/05/07 15:36:12:info: Loading Configuration File
2015/05/07 15:36:12:info: 
Payroll Export Configuration
ExportFileSaveLocation: c:\PayrollExport\Export
ExportFileBackupLocation: c:\PayrollExport\Export\Backup
UseDecimalHourFormat: True
ExportHourlyPaid: True
ExportSalaryPaid: False
ExportEndDay: Sunday
UseExportEndDay: True
UseSSN: False

2015/05/07 15:36:35:info: PayrollExport.EXE Ended
2015/05/07 15:37:11:info: Logging initialised
2015/05/07 15:37:11:info: PayrollExport.EXE Started
2015/05/07 15:37:11:info: Loading Configuration File
2015/05/07 15:37:11:info: 
Payroll Export Configuration
ExportFileSaveLocation: c:\PayrollExport\Export
ExportFileBackupLocation: c:\PayrollExport\Export\Backup
UseDecimalHourFormat: True
ExportHourlyPaid: True
ExportSalaryPaid: False
ExportEndDay: Sunday
UseExportEndDay: True
UseSSN: False

2015/05/07 15:37:26:info: PayrollExport.EXE Ended
2015/05/07 15:39:28:info: Logging initialised
2015/05/07 15:39:28:info: PayrollExport.EXE Started
2015/05/07 15:39:28:info: Loading Configuration File
2015/05/07 15:39:28:info: 
Payroll Export Configuration
ExportFileSaveLocation: c:\PayrollExport\Export
ExportFileBackupLocation: c:\PayrollExport\Export\Backup
UseDecimalHourFormat: True
ExportHourlyPaid: True
ExportSalaryPaid: False
ExportEndDay: Sunday
UseExportEndDay: True
UseSSN: False

2015/05/07 15:40:00:info: PayrollExport.EXE Ended
2015/05/07 15:40:45:info: Logging initialised
2015/05/07 15:40:45:info: PayrollExport.EXE Started
2015/05/07 15:40:45:info: Loading Configuration File
2015/05/07 15:40:45:info: 
Payroll Export Configuration
ExportFileSaveLocation: c:\PayrollExport\Export
ExportFileBackupLocation: c:\PayrollExport\Export\Backup
UseDecimalHourFormat: True
ExportHourlyPaid: True
ExportSalaryPaid: False
ExportEndDay: Sunday
UseExportEndDay: True
UseSSN: False

2015/05/07 15:41:27:info: PayrollExport.EXE Ended
2015/05/07 15:54:47:info: Logging initialised
2015/05/07 15:54:47:info: PayrollExport.EXE Started
2015/05/07 15:54:47:info: Loading Configuration File
2015/05/07 15:54:47:info: 
Payroll Export Configuration
ExportFileSaveLocation: c:\PayrollExport\Export
ExportFileBackupLocation: c:\PayrollExport\Export\Backup
UseDecimalHourFormat: True
ExportHourlyPaid: True
ExportSalaryPaid: False
ExportEndDay: Sunday
UseExportEndDay: True
UseSSN: False

2015/05/07 15:54:59:info: PayrollExport.EXE Ended
2015/05/07 15:55:17:info: Logging initialised
2015/05/07 15:55:17:info: PayrollExport.EXE Started
2015/05/07 15:55:17:info: Loading Configuration File
2015/05/07 15:55:17:info: 
Payroll Export Configuration
ExportFileSaveLocation: c:\PayrollExport\Export
ExportFileBackupLocation: c:\PayrollExport\Export\Backup
UseDecimalHourFormat: True
ExportHourlyPaid: True
ExportSalaryPaid: False
ExportEndDay: Sunday
UseExportEndDay: True
UseSSN: False

2015/05/07 15:55:57:info: Logging initialised
2015/05/07 15:55:57:info: PayrollExport.EXE Started
2015/05/07 15:55:57:info: Loading Configuration File
2015/05/07 15:55:57:info: 
Payroll Export Configuration
ExportFileSaveLocation: c:\PayrollExport\Export
ExportFileBackupLocation: c:\PayrollExport\Export\Backup
UseDecimalHourFormat: True
ExportHourlyPaid: True
ExportSalaryPaid: False
ExportEndDay: Sunday
UseExportEndDay: True
UseSSN: False

2015/05/07 15:56:36:info: Logging initialised
2015/05/07 15:56:36:info: PayrollExport.EXE Started
2015/05/07 15:56:36:info: Loading Configuration File
2015/05/07 15:56:36:info: 
Payroll Export Configuration
ExportFileSaveLocation: c:\PayrollExport\Export
ExportFileBackupLocation: c:\PayrollExport\Export\Backup
UseDecimalHourFormat: True
ExportHourlyPaid: True
ExportSalaryPaid: False
ExportEndDay: Sunday
UseExportEndDay: True
UseSSN: False

2015/05/07 15:57:52:info: PayrollExport.EXE Ended
2015/05/07 15:57:58:info: Logging initialised
2015/05/07 15:57:58:info: PayrollExport.EXE Started
2015/05/07 15:57:58:info: Loading Configuration File
2015/05/07 15:57:58:info: 
Payroll Export Configuration
ExportFileSaveLocation: c:\PayrollExport\Export
ExportFileBackupLocation: c:\PayrollExport\Export\Backup
UseDecimalHourFormat: True
ExportHourlyPaid: True
ExportSalaryPaid: False
ExportEndDay: Sunday
UseExportEndDay: True
UseSSN: False

2015/05/07 16:00:44:info: PayrollExport.EXE Ended
2015/05/07 16:00:46:info: Logging initialised
2015/05/07 16:00:46:info: PayrollExport.EXE Started
2015/05/07 16:00:46:info: Loading Configuration File
2015/05/07 16:00:46:info: 
Payroll Export Configuration
ExportFileSaveLocation: c:\PayrollExport\Export
ExportFileBackupLocation: c:\PayrollExport\Export\Backup
UseDecimalHourFormat: True
ExportHourlyPaid: True
ExportSalaryPaid: False
ExportEndDay: Sunday
UseExportEndDay: True
UseSSN: False

2015/05/07 16:02:05:info: Logging initialised
2015/05/07 16:02:05:info: PayrollExport.EXE Started
2015/05/07 16:02:05:info: Loading Configuration File
2015/05/07 16:02:05:info: 
Payroll Export Configuration
ExportFileSaveLocation: c:\PayrollExport\Export
ExportFileBackupLocation: c:\PayrollExport\Export\Backup
UseDecimalHourFormat: True
ExportHourlyPaid: True
ExportSalaryPaid: False
ExportEndDay: Sunday
UseExportEndDay: True
UseSSN: False

2015/05/07 16:02:59:info: PayrollExport.EXE Ended
2015/05/07 16:10:43:info: Logging initialised
2015/05/07 16:10:43:info: PayrollExport.EXE Started
2015/05/07 16:10:43:info: Loading Configuration File
2015/05/07 16:10:43:info: 
Payroll Export Configuration
ExportFileSaveLocation: c:\PayrollExport\Export
ExportFileBackupLocation: c:\PayrollExport\Export\Backup
UseDecimalHourFormat: True
ExportHourlyPaid: True
ExportSalaryPaid: False
ExportEndDay: Sunday
UseExportEndDay: True
UseSSN: False

2015/05/07 16:10:55:info: PayrollExport.EXE Ended
2015/05/07 16:11:46:info: Logging initialised
2015/05/07 16:11:46:info: PayrollExport.EXE Started
2015/05/07 16:11:46:info: Loading Configuration File
2015/05/07 16:11:46:info: 
Payroll Export Configuration
ExportFileSaveLocation: c:\PayrollExport\Export
ExportFileBackupLocation: c:\PayrollExport\Export\Backup
UseDecimalHourFormat: True
ExportHourlyPaid: True
ExportSalaryPaid: False
ExportEndDay: Sunday
UseExportEndDay: True
UseSSN: False

2015/05/07 16:11:54:info: PayrollExport.EXE Ended
2015/05/07 16:11:58:info: Logging initialised
2015/05/07 16:11:58:info: PayrollExport.EXE Started
2015/05/07 16:11:58:info: Loading Configuration File
2015/05/07 16:11:58:info: 
Payroll Export Configuration
ExportFileSaveLocation: c:\PayrollExport\Export
ExportFileBackupLocation: c:\PayrollExport\Export\Backup
UseDecimalHourFormat: True
ExportHourlyPaid: True
ExportSalaryPaid: False
ExportEndDay: Sunday
UseExportEndDay: True
UseSSN: False

2015/05/07 16:12:03:info: PayrollExport.EXE Ended
2015/05/07 16:12:11:info: Logging initialised
2015/05/07 16:12:11:info: PayrollExport.EXE Started
2015/05/07 16:12:11:info: Loading Configuration File
2015/05/07 16:12:11:info: 
Payroll Export Configuration
ExportFileSaveLocation: c:\PayrollExport\Export
ExportFileBackupLocation: c:\PayrollExport\Export\Backup
UseDecimalHourFormat: True
ExportHourlyPaid: True
ExportSalaryPaid: False
ExportEndDay: Sunday
UseExportEndDay: True
UseSSN: False

2015/05/07 16:12:18:info: PayrollExport.EXE Ended
2015/05/07 16:16:12:info: Logging initialised
2015/05/07 16:16:12:info: PayrollExport.EXE Started
2015/05/07 16:16:12:info: Loading Configuration File
2015/05/07 16:16:12:info: 
Payroll Export Configuration
ExportFileSaveLocation: c:\PayrollExport\Export
ExportFileBackupLocation: c:\PayrollExport\Export\Backup
UseDecimalHourFormat: True
ExportHourlyPaid: True
ExportSalaryPaid: False
ExportEndDay: Sunday
UseExportEndDay: True
UseSSN: False

2015/05/07 16:16:21:info: PayrollExport.EXE Ended
2015/05/07 16:19:29:info: Logging initialised
2015/05/07 16:19:29:info: PayrollExport.EXE Started
2015/05/07 16:19:29:info: Loading Configuration File
2015/05/07 16:19:29:info: 
Payroll Export Configuration
ExportFileSaveLocation: c:\PayrollExport\Export
ExportFileBackupLocation: c:\PayrollExport\Export\Backup
UseDecimalHourFormat: True
ExportHourlyPaid: True
ExportSalaryPaid: False
ExportEndDay: Sunday
UseExportEndDay: True
UseSSN: False

2015/05/07 16:19:39:info: PayrollExport.EXE Ended
2015/05/07 16:21:05:info: Logging initialised
2015/05/07 16:21:05:info: PayrollExport.EXE Started
2015/05/07 16:21:05:info: Loading Configuration File
2015/05/07 16:21:05:info: 
Payroll Export Configuration
ExportFileSaveLocation: c:\PayrollExport\Export
ExportFileBackupLocation: c:\PayrollExport\Export\Backup
UseDecimalHourFormat: True
ExportHourlyPaid: True
ExportSalaryPaid: False
ExportEndDay: Sunday
UseExportEndDay: True
UseSSN: False

2015/05/07 16:21:16:info: PayrollExport.EXE Ended
2015/05/07 16:26:22:info: Logging initialised
2015/05/07 16:26:22:info: PayrollExport.EXE Started
2015/05/07 16:26:22:info: Loading Configuration File
2015/05/07 16:26:22:info: 
Payroll Export Configuration
ExportFileSaveLocation: c:\PayrollExport\Export
ExportFileBackupLocation: c:\PayrollExport\Export\Backup
UseDecimalHourFormat: True
ExportHourlyPaid: True
ExportSalaryPaid: False
ExportEndDay: Sunday
UseExportEndDay: True
UseSSN: False

2015/05/07 16:26:26:info: PayrollExport.EXE Ended
2015/05/07 16:26:42:info: Logging initialised
2015/05/07 16:26:42:info: PayrollExport.EXE Started
2015/05/07 16:26:42:info: Loading Configuration File
2015/05/07 16:26:42:info: 
Payroll Export Configuration
ExportFileSaveLocation: c:\PayrollExport\Export
ExportFileBackupLocation: c:\PayrollExport\Export\Backup
UseDecimalHourFormat: True
ExportHourlyPaid: True
ExportSalaryPaid: False
ExportEndDay: Sunday
UseExportEndDay: True
UseSSN: False

2015/05/07 16:27:00:info: PayrollExport.EXE Ended
2015/05/07 16:30:20:info: Logging initialised
2015/05/07 16:30:20:info: PayrollExport.EXE Started
2015/05/07 16:30:20:info: Loading Configuration File
2015/05/07 16:30:20:info: 
Payroll Export Configuration
ExportFileSaveLocation: c:\PayrollExport\Export
ExportFileBackupLocation: c:\PayrollExport\Export\Backup
UseDecimalHourFormat: True
ExportHourlyPaid: True
ExportSalaryPaid: False
ExportEndDay: Sunday
UseExportEndDay: True
UseSSN: False

2015/05/07 16:30:34:info: PayrollExport.EXE Ended
2015/05/07 16:31:45:info: Logging initialised
2015/05/07 16:31:45:info: PayrollExport.EXE Started
2015/05/07 16:31:45:info: Loading Configuration File
2015/05/07 16:31:45:info: 
Payroll Export Configuration
ExportFileSaveLocation: c:\PayrollExport\Export
ExportFileBackupLocation: c:\PayrollExport\Export\Backup
UseDecimalHourFormat: True
ExportHourlyPaid: True
ExportSalaryPaid: False
ExportEndDay: Sunday
UseExportEndDay: True
UseSSN: False

2015/05/07 16:32:00:info: PayrollExport.EXE Ended
2015/05/07 16:44:47:info: Logging initialised
2015/05/07 16:44:47:info: PayrollExport.EXE Started
2015/05/07 16:44:47:info: Loading Configuration File
2015/05/07 16:44:47:info: 
Payroll Export Configuration
ExportFileSaveLocation: c:\PayrollExport\Export
ExportFileBackupLocation: c:\PayrollExport\Export\Backup
UseDecimalHourFormat: True
ExportHourlyPaid: True
ExportSalaryPaid: False
ExportEndDay: Sunday
UseExportEndDay: True
UseSSN: False

2015/05/07 16:45:02:info: Loading scripts
2015/05/07 16:45:02:info: 1 scripts loaded 
2015/05/07 16:45:34:info: Logging initialised
2015/05/07 16:45:34:info: PayrollExport.EXE Started
2015/05/07 16:45:34:info: Loading Configuration File
2015/05/07 16:45:34:info: 
Payroll Export Configuration
ExportFileSaveLocation: c:\PayrollExport\Export
ExportFileBackupLocation: c:\PayrollExport\Export\Backup
UseDecimalHourFormat: True
ExportHourlyPaid: True
ExportSalaryPaid: False
ExportEndDay: Sunday
UseExportEndDay: True
UseSSN: False

2015/05/07 16:45:44:info: Loading scripts
2015/05/07 16:45:44:info: 1 scripts loaded 
2015/05/07 16:52:27:info: Logging initialised
2015/05/07 16:52:27:info: PayrollExport.EXE Started
2015/05/07 16:52:27:info: Loading Configuration File
2015/05/07 16:52:27:info: 
Payroll Export Configuration
ExportFileSaveLocation: c:\PayrollExport\Export
ExportFileBackupLocation: c:\PayrollExport\Export\Backup
UseDecimalHourFormat: True
ExportHourlyPaid: True
ExportSalaryPaid: False
ExportEndDay: Sunday
UseExportEndDay: True
UseSSN: False

2015/05/07 16:52:40:info: Loading scripts
2015/05/07 16:52:40:info: 1 scripts loaded 
2015/05/07 16:53:43:info: Logging initialised
2015/05/07 16:53:43:info: PayrollExport.EXE Started
2015/05/07 16:53:43:info: Loading Configuration File
2015/05/07 16:53:43:info: 
Payroll Export Configuration
ExportFileSaveLocation: c:\PayrollExport\Export
ExportFileBackupLocation: c:\PayrollExport\Export\Backup
UseDecimalHourFormat: True
ExportHourlyPaid: True
ExportSalaryPaid: False
ExportEndDay: Sunday
UseExportEndDay: True
UseSSN: False

2015/05/07 16:53:50:info: Loading scripts
2015/05/07 16:53:50:info: 1 scripts loaded 
2015/05/07 16:55:45:info: Logging initialised
2015/05/07 16:55:45:info: PayrollExport.EXE Started
2015/05/07 16:55:45:info: Loading Configuration File
2015/05/07 16:55:45:info: 
Payroll Export Configuration
ExportFileSaveLocation: c:\PayrollExport\Export
ExportFileBackupLocation: c:\PayrollExport\Export\Backup
UseDecimalHourFormat: True
ExportHourlyPaid: True
ExportSalaryPaid: False
ExportEndDay: Sunday
UseExportEndDay: True
UseSSN: False

2015/05/07 16:55:52:info: Loading scripts
2015/05/07 16:55:52:info: 1 scripts loaded 
2015/05/07 16:57:14:info: Logging initialised
2015/05/07 16:57:14:info: PayrollExport.EXE Started
2015/05/07 16:57:14:info: Loading Configuration File
2015/05/07 16:57:14:info: 
Payroll Export Configuration
ExportFileSaveLocation: c:\PayrollExport\Export
ExportFileBackupLocation: c:\PayrollExport\Export\Backup
UseDecimalHourFormat: True
ExportHourlyPaid: True
ExportSalaryPaid: False
ExportEndDay: Sunday
UseExportEndDay: True
UseSSN: False

2015/05/07 16:57:27:info: Loading scripts
2015/05/07 16:57:27:info: 1 scripts loaded 
2015/05/07 16:58:11:info: Logging initialised
2015/05/07 16:58:11:info: PayrollExport.EXE Started
2015/05/07 16:58:11:info: Loading Configuration File
2015/05/07 16:58:11:info: 
Payroll Export Configuration
ExportFileSaveLocation: c:\PayrollExport\Export
ExportFileBackupLocation: c:\PayrollExport\Export\Backup
UseDecimalHourFormat: True
ExportHourlyPaid: True
ExportSalaryPaid: False
ExportEndDay: Sunday
UseExportEndDay: True
UseSSN: False

2015/05/07 16:58:18:info: Loading scripts
2015/05/07 16:58:18:info: 1 scripts loaded 
2015/05/07 17:02:15:info: Logging initialised
2015/05/07 17:02:15:info: PayrollExport.EXE Started
2015/05/07 17:02:15:info: Loading Configuration File
2015/05/07 17:02:15:info: 
Payroll Export Configuration
ExportFileSaveLocation: c:\PayrollExport\Export
ExportFileBackupLocation: c:\PayrollExport\Export\Backup
UseDecimalHourFormat: True
ExportHourlyPaid: True
ExportSalaryPaid: False
ExportEndDay: Sunday
UseExportEndDay: True
UseSSN: False

2015/05/07 17:02:22:info: Loading scripts
2015/05/07 17:02:22:info: 1 scripts loaded 
2015/05/07 17:03:17:info: Logging initialised
2015/05/07 17:03:17:info: PayrollExport.EXE Started
2015/05/07 17:03:17:info: Loading Configuration File
2015/05/07 17:03:17:info: 
Payroll Export Configuration
ExportFileSaveLocation: c:\PayrollExport\Export
ExportFileBackupLocation: c:\PayrollExport\Export\Backup
UseDecimalHourFormat: True
ExportHourlyPaid: True
ExportSalaryPaid: False
ExportEndDay: Sunday
UseExportEndDay: True
UseSSN: False

2015/05/07 17:03:22:info: Loading scripts
2015/05/07 17:03:22:info: 1 scripts loaded 
2015/05/07 17:05:08:info: Logging initialised
2015/05/07 17:05:08:info: PayrollExport.EXE Started
2015/05/07 17:05:08:info: Loading Configuration File
2015/05/07 17:05:08:info: 
Payroll Export Configuration
ExportFileSaveLocation: c:\PayrollExport\Export
ExportFileBackupLocation: c:\PayrollExport\Export\Backup
UseDecimalHourFormat: True
ExportHourlyPaid: True
ExportSalaryPaid: False
ExportEndDay: Sunday
UseExportEndDay: True
UseSSN: False

2015/05/07 17:05:16:info: Loading scripts
2015/05/07 17:05:16:info: 1 scripts loaded 
2015/05/07 17:35:53:info: Logging initialised
2015/05/07 17:35:53:info: PayrollExport.EXE Started
2015/05/07 17:35:53:info: Loading Configuration File
2015/05/07 17:35:53:info: 
Payroll Export Configuration
ExportFileSaveLocation: c:\PayrollExport\Export
ExportFileBackupLocation: c:\PayrollExport\Export\Backup
UseDecimalHourFormat: True
ExportHourlyPaid: True
ExportSalaryPaid: False
ExportEndDay: Sunday
UseExportEndDay: True
UseSSN: False

2015/05/07 17:36:02:info: Loading scripts
2015/05/07 17:36:02:info: 1 scripts loaded 
2015/05/07 17:38:40:info: PayrollExport.EXE Ended
