2015/05/05 14:35:19:info: Logging initialised
2015/05/05 14:35:19:info: PayrollExport.EXE Started
2015/05/05 14:35:19:info: Loading Configuration File
2015/05/05 14:35:19:info: 
Payroll Export Configuration
ExportFileSaveLocation: c:\PayrollExport\Export
ExportFileBackupLocation: c:\PayrollExport\Export\Backup
UseDecimalHourFormat: True
ExportHourlyPaid: True
ExportSalaryPaid: False
ExportEndDay: Sunday
UseExportEndDay: True
UseSSN: False

2015/05/05 14:37:20:info: Loading scripts
2015/05/05 14:37:21:info: 1 scripts loaded 
2015/05/05 18:34:17:info: Logging initialised
2015/05/05 18:34:17:info: PayrollExport.EXE Started
2015/05/05 18:34:18:info: Loading Configuration File
2015/05/05 18:34:18:info: 
Payroll Export Configuration
ExportFileSaveLocation: c:\PayrollExport\Export
ExportFileBackupLocation: c:\PayrollExport\Export\Backup
UseDecimalHourFormat: True
ExportHourlyPaid: True
ExportSalaryPaid: False
ExportEndDay: Sunday
UseExportEndDay: True
UseSSN: False

2015/05/05 18:34:51:info: Loading scripts
2015/05/05 18:34:51:info: 1 scripts loaded 
2015/05/05 18:36:48:info: Logging initialised
2015/05/05 18:36:48:info: PayrollExport.EXE Started
2015/05/05 18:36:48:info: Loading Configuration File
2015/05/05 18:36:48:info: 
Payroll Export Configuration
ExportFileSaveLocation: c:\PayrollExport\Export
ExportFileBackupLocation: c:\PayrollExport\Export\Backup
UseDecimalHourFormat: True
ExportHourlyPaid: True
ExportSalaryPaid: False
ExportEndDay: Sunday
UseExportEndDay: True
UseSSN: False

2015/05/05 18:37:02:info: Loading scripts
2015/05/05 18:37:02:info: 1 scripts loaded 
2015/05/05 18:37:34:info: Logging initialised
2015/05/05 18:37:34:info: PayrollExport.EXE Started
2015/05/05 18:37:34:info: Loading Configuration File
2015/05/05 18:37:34:info: 
Payroll Export Configuration
ExportFileSaveLocation: c:\PayrollExport\Export
ExportFileBackupLocation: c:\PayrollExport\Export\Backup
UseDecimalHourFormat: True
ExportHourlyPaid: True
ExportSalaryPaid: False
ExportEndDay: Sunday
UseExportEndDay: True
UseSSN: False

2015/05/05 18:37:47:info: Loading scripts
2015/05/05 18:37:47:info: 1 scripts loaded 
2015/05/05 18:39:22:info: Logging initialised
2015/05/05 18:39:22:info: PayrollExport.EXE Started
2015/05/05 18:39:22:info: Loading Configuration File
2015/05/05 18:39:22:info: 
Payroll Export Configuration
ExportFileSaveLocation: c:\PayrollExport\Export
ExportFileBackupLocation: c:\PayrollExport\Export\Backup
UseDecimalHourFormat: True
ExportHourlyPaid: True
ExportSalaryPaid: False
ExportEndDay: Sunday
UseExportEndDay: True
UseSSN: False

2015/05/05 18:39:44:info: Loading scripts
2015/05/05 18:39:44:info: 1 scripts loaded 
2015/05/05 18:41:08:info: Logging initialised
2015/05/05 18:41:08:info: PayrollExport.EXE Started
2015/05/05 18:41:08:info: Loading Configuration File
2015/05/05 18:41:08:info: 
Payroll Export Configuration
ExportFileSaveLocation: c:\PayrollExport\Export
ExportFileBackupLocation: c:\PayrollExport\Export\Backup
UseDecimalHourFormat: True
ExportHourlyPaid: True
ExportSalaryPaid: False
ExportEndDay: Sunday
UseExportEndDay: True
UseSSN: False

2015/05/05 18:41:19:info: Loading scripts
2015/05/05 18:41:19:info: 1 scripts loaded 
2015/05/05 18:45:10:info: PayrollExport.EXE Ended
