2015/04/15 14:40:36:info: Logging initialised
2015/04/15 14:40:36:info: PayrollExport.EXE Started
2015/04/15 14:41:16:info: PayrollExport.EXE Ended
2015/04/15 15:38:40:info: Logging initialised
2015/04/15 15:38:40:info: PayrollExport.EXE Started
2015/04/15 15:38:40:info: Loading Configuration File
2015/04/15 15:38:40:warn: Could not find file 'E:\Visual Studio 2010\Projects\PayrollExport\PayrollExport\bin\Debug\PayrollExportConfig.xml'.
2015/04/15 15:38:40:warn: Unable to load configuration file, using default values:
2015/04/15 15:38:40:info: Payroll Export ConfigurationExportFileSaveLocation: .\Export
ExportFileBackupLocation: .\Export\Backup
UseDecimalHourFormat: True
ExportHourlyPaid: True
ExportSalaryPaid: False
ExportEndDay: Sunday
UseExportEndDay: True
UseSSN: False

2015/04/15 15:38:43:info: PayrollExport.EXE Ended
2015/04/15 15:42:40:info: Logging initialised
2015/04/15 15:42:40:info: PayrollExport.EXE Started
2015/04/15 15:42:40:info: Loading Configuration File
2015/04/15 15:42:40:warn: Could not find file 'E:\Visual Studio 2010\Projects\PayrollExport\PayrollExport\bin\Debug\PayrollExportConfig.xml'.
2015/04/15 15:42:40:warn: Unable to load configuration file, using default values:
2015/04/15 15:42:40:info: Payroll Export Configuration
ExportFileSaveLocation: .\Export
ExportFileBackupLocation: .\Export\Backup
UseDecimalHourFormat: True
ExportHourlyPaid: True
ExportSalaryPaid: False
ExportEndDay: Sunday
UseExportEndDay: True
UseSSN: False

2015/04/15 15:43:03:info: PayrollExport.EXE Ended
2015/04/15 15:43:26:info: Logging initialised
2015/04/15 15:43:26:info: PayrollExport.EXE Started
2015/04/15 15:43:26:info: Loading Configuration File
2015/04/15 15:43:26:warn: Could not find a part of the path 'E:\Visual Studio 2010\Projects\PayrollExport\PayrollExport\bin\Debug\Conafiguration\PayrollExportConfig.xml'.
2015/04/15 15:43:26:warn: Unable to load configuration file, using default values:
2015/04/15 15:43:26:info: Payroll Export Configuration
ExportFileSaveLocation: .\Export
ExportFileBackupLocation: .\Export\Backup
UseDecimalHourFormat: True
ExportHourlyPaid: True
ExportSalaryPaid: False
ExportEndDay: Sunday
UseExportEndDay: True
UseSSN: False

2015/04/15 15:43:35:info: PayrollExport.EXE Ended
2015/04/15 15:44:01:info: Logging initialised
2015/04/15 15:44:01:info: PayrollExport.EXE Started
2015/04/15 15:44:01:info: Loading Configuration File
2015/04/15 15:44:01:warn: Object reference not set to an instance of an object.
2015/04/15 15:44:01:warn: Unable to load configuration file, using default values:
2015/04/15 15:44:01:info: Payroll Export Configuration
ExportFileSaveLocation: .\Export
ExportFileBackupLocation: .\Export\Backup
UseDecimalHourFormat: True
ExportHourlyPaid: True
ExportSalaryPaid: False
ExportEndDay: Sunday
UseExportEndDay: True
UseSSN: False

2015/04/15 15:44:36:info: PayrollExport.EXE Ended
2015/04/15 15:45:17:info: Logging initialised
2015/04/15 15:45:17:info: PayrollExport.EXE Started
2015/04/15 15:45:17:info: Loading Configuration File
2015/04/15 15:45:17:warn:    at PayrollExport.PayrollExportConfiguration.LoadConfigFile() in E:\Visual Studio 2010\Projects\PayrollExport\PayrollExport\PayrollExportConfiguration.cs:line 35
2015/04/15 15:45:17:warn: Unable to load configuration file, using default values:
2015/04/15 15:45:17:info: Payroll Export Configuration
ExportFileSaveLocation: .\Export
ExportFileBackupLocation: .\Export\Backup
UseDecimalHourFormat: True
ExportHourlyPaid: True
ExportSalaryPaid: False
ExportEndDay: Sunday
UseExportEndDay: True
UseSSN: False

2015/04/15 15:49:36:info: Logging initialised
2015/04/15 15:49:36:info: PayrollExport.EXE Started
2015/04/15 15:49:36:info: Loading Configuration File
2015/04/15 15:49:36:warn:    at PayrollExport.PayrollExportConfiguration.LoadConfigFile() in E:\Visual Studio 2010\Projects\PayrollExport\PayrollExport\PayrollExportConfiguration.cs:line 36
2015/04/15 15:49:36:warn: Unable to load configuration file, using default values:
2015/04/15 15:49:36:info: Payroll Export Configuration
ExportFileSaveLocation: .\Export
ExportFileBackupLocation: .\Export\Backup
UseDecimalHourFormat: True
ExportHourlyPaid: True
ExportSalaryPaid: False
ExportEndDay: Sunday
UseExportEndDay: True
UseSSN: False

2015/04/15 15:49:47:info: PayrollExport.EXE Ended
2015/04/15 15:50:21:info: Logging initialised
2015/04/15 15:50:21:info: PayrollExport.EXE Started
2015/04/15 15:50:21:info: Loading Configuration File
2015/04/15 15:50:46:info: PayrollExport.EXE Ended
2015/04/15 15:51:43:info: Logging initialised
2015/04/15 15:51:43:info: PayrollExport.EXE Started
2015/04/15 15:51:43:info: Loading Configuration File
2015/04/15 15:51:43:info: 
Payroll Export Configuration
ExportFileSaveLocation: c:\PayrollExport\Export
ExportFileBackupLocation: c:\PayrollExport\Export\Backup
UseDecimalHourFormat: True
ExportHourlyPaid: True
ExportSalaryPaid: False
ExportEndDay: Sunday
UseExportEndDay: True
UseSSN: False

2015/04/15 15:52:13:info: PayrollExport.EXE Ended
