2015/04/23 09:41:24:info: Logging initialised
2015/04/23 09:41:24:info: PayrollExport.EXE Started
2015/04/23 09:41:24:info: Loading Configuration File
2015/04/23 09:41:24:info: 
Payroll Export Configuration
ExportFileSaveLocation: c:\PayrollExport\Export
ExportFileBackupLocation: c:\PayrollExport\Export\Backup
UseDecimalHourFormat: True
ExportHourlyPaid: True
ExportSalaryPaid: False
ExportEndDay: Sunday
UseExportEndDay: True
UseSSN: False

2015/04/23 09:41:36:info: Loading scripts
2015/04/23 09:41:36:info: 1 scripts loaded 
2015/04/23 09:44:00:info: Logging initialised
2015/04/23 09:44:00:info: PayrollExport.EXE Started
2015/04/23 09:44:00:info: Loading Configuration File
2015/04/23 09:44:00:info: 
Payroll Export Configuration
ExportFileSaveLocation: c:\PayrollExport\Export
ExportFileBackupLocation: c:\PayrollExport\Export\Backup
UseDecimalHourFormat: True
ExportHourlyPaid: True
ExportSalaryPaid: False
ExportEndDay: Sunday
UseExportEndDay: True
UseSSN: False

2015/04/23 09:44:05:info: Loading scripts
2015/04/23 09:44:05:info: 1 scripts loaded 
2015/04/23 09:45:10:info: Logging initialised
2015/04/23 09:45:10:info: PayrollExport.EXE Started
2015/04/23 09:45:10:info: Loading Configuration File
2015/04/23 09:45:10:info: 
Payroll Export Configuration
ExportFileSaveLocation: c:\PayrollExport\Export
ExportFileBackupLocation: c:\PayrollExport\Export\Backup
UseDecimalHourFormat: True
ExportHourlyPaid: True
ExportSalaryPaid: False
ExportEndDay: Sunday
UseExportEndDay: True
UseSSN: False

2015/04/23 09:45:15:info: Loading scripts
2015/04/23 09:45:15:info: 1 scripts loaded 
2015/04/23 09:48:03:info: Logging initialised
2015/04/23 09:48:03:info: PayrollExport.EXE Started
2015/04/23 09:48:03:info: Loading Configuration File
2015/04/23 09:48:03:info: 
Payroll Export Configuration
ExportFileSaveLocation: c:\PayrollExport\Export
ExportFileBackupLocation: c:\PayrollExport\Export\Backup
UseDecimalHourFormat: True
ExportHourlyPaid: True
ExportSalaryPaid: False
ExportEndDay: Sunday
UseExportEndDay: True
UseSSN: False

2015/04/23 09:48:08:info: Loading scripts
2015/04/23 09:48:08:info: 1 scripts loaded 
2015/04/23 09:49:42:info: Logging initialised
2015/04/23 09:49:42:info: PayrollExport.EXE Started
2015/04/23 09:49:42:info: Loading Configuration File
2015/04/23 09:49:42:info: 
Payroll Export Configuration
ExportFileSaveLocation: c:\PayrollExport\Export
ExportFileBackupLocation: c:\PayrollExport\Export\Backup
UseDecimalHourFormat: True
ExportHourlyPaid: True
ExportSalaryPaid: False
ExportEndDay: Sunday
UseExportEndDay: True
UseSSN: False

2015/04/23 09:49:48:info: Loading scripts
2015/04/23 09:49:48:info: 1 scripts loaded 
2015/04/23 09:53:41:info: Logging initialised
2015/04/23 09:53:41:info: PayrollExport.EXE Started
2015/04/23 09:53:41:info: Loading Configuration File
2015/04/23 09:53:42:info: 
Payroll Export Configuration
ExportFileSaveLocation: c:\PayrollExport\Export
ExportFileBackupLocation: c:\PayrollExport\Export\Backup
UseDecimalHourFormat: True
ExportHourlyPaid: True
ExportSalaryPaid: False
ExportEndDay: Sunday
UseExportEndDay: True
UseSSN: False

2015/04/23 09:53:49:info: Loading scripts
2015/04/23 09:53:49:info: 1 scripts loaded 
2015/04/23 09:54:28:info: Logging initialised
2015/04/23 09:54:28:info: PayrollExport.EXE Started
2015/04/23 09:54:28:info: Loading Configuration File
2015/04/23 09:54:28:info: 
Payroll Export Configuration
ExportFileSaveLocation: c:\PayrollExport\Export
ExportFileBackupLocation: c:\PayrollExport\Export\Backup
UseDecimalHourFormat: True
ExportHourlyPaid: True
ExportSalaryPaid: False
ExportEndDay: Sunday
UseExportEndDay: True
UseSSN: False

2015/04/23 09:54:33:info: Loading scripts
2015/04/23 09:54:33:info: 1 scripts loaded 
2015/04/23 10:17:20:info: Logging initialised
2015/04/23 10:17:20:info: PayrollExport.EXE Started
2015/04/23 10:17:20:info: Loading Configuration File
2015/04/23 10:17:20:info: 
Payroll Export Configuration
ExportFileSaveLocation: c:\PayrollExport\Export
ExportFileBackupLocation: c:\PayrollExport\Export\Backup
UseDecimalHourFormat: True
ExportHourlyPaid: True
ExportSalaryPaid: False
ExportEndDay: Sunday
UseExportEndDay: True
UseSSN: False

2015/04/23 10:17:27:info: Loading scripts
2015/04/23 10:17:27:info: 1 scripts loaded 
2015/04/23 10:18:08:info: PayrollExport.EXE Ended
