2015/04/16 14:55:26:info: Logging initialised
2015/04/16 14:55:26:info: PayrollExport.EXE Started
2015/04/16 14:55:26:info: Loading Configuration File
2015/04/16 14:55:26:warn:    at PayrollExport.PayrollExportConfiguration.LoadConfigFile() in E:\Visual Studio 2010\Projects\PayrollExport\PayrollExport\PayrollExportConfiguration.cs:line 53
2015/04/16 14:55:26:warn: Unable to load configuration file, using default values:
2015/04/16 14:55:26:info: 
Payroll Export Configuration
ExportFileSaveLocation: .\Export
ExportFileBackupLocation: .\Export\Backup
UseDecimalHourFormat: True
ExportHourlyPaid: True
ExportSalaryPaid: False
ExportEndDay: Sunday
UseExportEndDay: True
UseSSN: False

2015/04/16 14:55:30:info: PayrollExport.EXE Ended
2015/04/16 14:58:52:info: Logging initialised
2015/04/16 14:58:52:info: PayrollExport.EXE Started
2015/04/16 14:58:52:info: Loading Configuration File
2015/04/16 14:58:52:warn:    at PayrollExport.PayrollExportConfiguration.LoadConfigFile() in E:\Visual Studio 2010\Projects\PayrollExport\PayrollExport\PayrollExportConfiguration.cs:line 53
2015/04/16 14:58:52:warn: Unable to load configuration file, using default values:
2015/04/16 14:58:52:info: 
Payroll Export Configuration
ExportFileSaveLocation: .\Export
ExportFileBackupLocation: .\Export\Backup
UseDecimalHourFormat: True
ExportHourlyPaid: True
ExportSalaryPaid: False
ExportEndDay: Sunday
UseExportEndDay: True
UseSSN: False

2015/04/16 15:59:35:info: Logging initialised
2015/04/16 15:59:35:info: PayrollExport.EXE Started
2015/04/16 15:59:35:info: Loading Configuration File
2015/04/16 15:59:35:info: 
Payroll Export Configuration
ExportFileSaveLocation: c:\PayrollExport\Export
ExportFileBackupLocation: c:\PayrollExport\Export\Backup
UseDecimalHourFormat: True
ExportHourlyPaid: True
ExportSalaryPaid: False
ExportEndDay: Sunday
UseExportEndDay: True
UseSSN: False

2015/04/16 15:59:45:info: PayrollExport.EXE Ended
2015/04/16 16:03:19:info: Logging initialised
2015/04/16 16:03:19:info: PayrollExport.EXE Started
2015/04/16 16:03:19:info: Loading Configuration File
2015/04/16 16:03:19:info: 
Payroll Export Configuration
ExportFileSaveLocation: c:\PayrollExport\Export
ExportFileBackupLocation: c:\PayrollExport\Export\Backup
UseDecimalHourFormat: True
ExportHourlyPaid: True
ExportSalaryPaid: False
ExportEndDay: Sunday
UseExportEndDay: True
UseSSN: False

2015/04/16 16:03:29:info: PayrollExport.EXE Ended
2015/04/16 16:06:17:info: Logging initialised
2015/04/16 16:06:17:info: PayrollExport.EXE Started
2015/04/16 16:06:17:info: Loading Configuration File
2015/04/16 16:06:17:info: 
Payroll Export Configuration
ExportFileSaveLocation: c:\PayrollExport\Export
ExportFileBackupLocation: c:\PayrollExport\Export\Backup
UseDecimalHourFormat: True
ExportHourlyPaid: True
ExportSalaryPaid: False
ExportEndDay: Sunday
UseExportEndDay: True
UseSSN: False

2015/04/16 16:06:23:info: PayrollExport.EXE Ended
2015/04/16 16:06:53:info: Logging initialised
2015/04/16 16:06:53:info: PayrollExport.EXE Started
2015/04/16 16:06:53:info: Loading Configuration File
2015/04/16 16:06:53:info: 
Payroll Export Configuration
ExportFileSaveLocation: c:\PayrollExport\Export
ExportFileBackupLocation: c:\PayrollExport\Export\Backup
UseDecimalHourFormat: True
ExportHourlyPaid: True
ExportSalaryPaid: False
ExportEndDay: Sunday
UseExportEndDay: True
UseSSN: False

2015/04/16 16:06:58:info: PayrollExport.EXE Ended
2015/04/16 16:07:19:info: Logging initialised
2015/04/16 16:07:19:info: PayrollExport.EXE Started
2015/04/16 16:07:19:info: Loading Configuration File
2015/04/16 16:07:19:info: 
Payroll Export Configuration
ExportFileSaveLocation: c:\PayrollExport\Export
ExportFileBackupLocation: c:\PayrollExport\Export\Backup
UseDecimalHourFormat: True
ExportHourlyPaid: True
ExportSalaryPaid: False
ExportEndDay: Sunday
UseExportEndDay: True
UseSSN: False

2015/04/16 16:07:48:info: PayrollExport.EXE Ended
2015/04/16 16:08:03:info: Logging initialised
2015/04/16 16:08:03:info: PayrollExport.EXE Started
2015/04/16 16:08:03:info: Loading Configuration File
2015/04/16 16:08:03:info: 
Payroll Export Configuration
ExportFileSaveLocation: c:\PayrollExport\Export
ExportFileBackupLocation: c:\PayrollExport\Export\Backup
UseDecimalHourFormat: True
ExportHourlyPaid: True
ExportSalaryPaid: False
ExportEndDay: Sunday
UseExportEndDay: True
UseSSN: False

2015/04/16 16:08:18:info: PayrollExport.EXE Ended
2015/04/16 16:09:04:info: Logging initialised
2015/04/16 16:09:04:info: PayrollExport.EXE Started
2015/04/16 16:09:04:info: Loading Configuration File
2015/04/16 16:09:04:info: 
Payroll Export Configuration
ExportFileSaveLocation: c:\PayrollExport\Export
ExportFileBackupLocation: c:\PayrollExport\Export\Backup
UseDecimalHourFormat: True
ExportHourlyPaid: True
ExportSalaryPaid: False
ExportEndDay: Sunday
UseExportEndDay: True
UseSSN: False

2015/04/16 16:09:18:info: PayrollExport.EXE Ended
2015/04/16 16:19:33:info: Logging initialised
2015/04/16 16:19:33:info: PayrollExport.EXE Started
2015/04/16 16:19:33:info: Loading Configuration File
2015/04/16 16:19:33:info: 
Payroll Export Configuration
ExportFileSaveLocation: c:\PayrollExport\Export
ExportFileBackupLocation: c:\PayrollExport\Export\Backup
UseDecimalHourFormat: True
ExportHourlyPaid: True
ExportSalaryPaid: False
ExportEndDay: Sunday
UseExportEndDay: True
UseSSN: False

2015/04/16 16:19:58:info: Logging initialised
2015/04/16 16:19:58:info: PayrollExport.EXE Started
2015/04/16 16:19:58:info: Loading Configuration File
2015/04/16 16:19:58:info: 
Payroll Export Configuration
ExportFileSaveLocation: c:\PayrollExport\Export
ExportFileBackupLocation: c:\PayrollExport\Export\Backup
UseDecimalHourFormat: True
ExportHourlyPaid: True
ExportSalaryPaid: False
ExportEndDay: Sunday
UseExportEndDay: True
UseSSN: False

2015/04/16 16:20:24:info: Logging initialised
2015/04/16 16:20:24:info: PayrollExport.EXE Started
2015/04/16 16:20:24:info: Loading Configuration File
2015/04/16 16:20:24:info: 
Payroll Export Configuration
ExportFileSaveLocation: c:\PayrollExport\Export
ExportFileBackupLocation: c:\PayrollExport\Export\Backup
UseDecimalHourFormat: True
ExportHourlyPaid: True
ExportSalaryPaid: False
ExportEndDay: Sunday
UseExportEndDay: True
UseSSN: False

2015/04/16 16:21:07:info: PayrollExport.EXE Ended
2015/04/16 16:50:43:info: Logging initialised
2015/04/16 16:50:43:info: PayrollExport.EXE Started
2015/04/16 16:50:43:info: Loading Configuration File
2015/04/16 16:50:43:info: 
Payroll Export Configuration
ExportFileSaveLocation: c:\PayrollExport\Export
ExportFileBackupLocation: c:\PayrollExport\Export\Backup
UseDecimalHourFormat: True
ExportHourlyPaid: True
ExportSalaryPaid: False
ExportEndDay: Sunday
UseExportEndDay: True
UseSSN: False

2015/04/16 16:51:38:info: Logging initialised
2015/04/16 16:51:38:info: PayrollExport.EXE Started
2015/04/16 16:51:38:info: Loading Configuration File
2015/04/16 16:51:38:info: 
Payroll Export Configuration
ExportFileSaveLocation: c:\PayrollExport\Export
ExportFileBackupLocation: c:\PayrollExport\Export\Backup
UseDecimalHourFormat: True
ExportHourlyPaid: True
ExportSalaryPaid: False
ExportEndDay: Sunday
UseExportEndDay: True
UseSSN: False

2015/04/16 16:52:26:info: Logging initialised
2015/04/16 16:52:26:info: PayrollExport.EXE Started
2015/04/16 16:52:26:info: Loading Configuration File
2015/04/16 16:52:26:info: 
Payroll Export Configuration
ExportFileSaveLocation: c:\PayrollExport\Export
ExportFileBackupLocation: c:\PayrollExport\Export\Backup
UseDecimalHourFormat: True
ExportHourlyPaid: True
ExportSalaryPaid: False
ExportEndDay: Sunday
UseExportEndDay: True
UseSSN: False

2015/04/16 16:53:29:info: Logging initialised
2015/04/16 16:53:29:info: PayrollExport.EXE Started
2015/04/16 16:53:29:info: Loading Configuration File
2015/04/16 16:53:29:info: 
Payroll Export Configuration
ExportFileSaveLocation: c:\PayrollExport\Export
ExportFileBackupLocation: c:\PayrollExport\Export\Backup
UseDecimalHourFormat: True
ExportHourlyPaid: True
ExportSalaryPaid: False
ExportEndDay: Sunday
UseExportEndDay: True
UseSSN: False

2015/04/16 16:54:28:info: Logging initialised
2015/04/16 16:54:28:info: PayrollExport.EXE Started
2015/04/16 16:54:28:info: Loading Configuration File
2015/04/16 16:54:28:info: 
Payroll Export Configuration
ExportFileSaveLocation: c:\PayrollExport\Export
ExportFileBackupLocation: c:\PayrollExport\Export\Backup
UseDecimalHourFormat: True
ExportHourlyPaid: True
ExportSalaryPaid: False
ExportEndDay: Sunday
UseExportEndDay: True
UseSSN: False

2015/04/16 16:55:42:info: Logging initialised
2015/04/16 16:55:42:info: PayrollExport.EXE Started
2015/04/16 16:55:42:info: Loading Configuration File
2015/04/16 16:55:42:info: 
Payroll Export Configuration
ExportFileSaveLocation: c:\PayrollExport\Export
ExportFileBackupLocation: c:\PayrollExport\Export\Backup
UseDecimalHourFormat: True
ExportHourlyPaid: True
ExportSalaryPaid: False
ExportEndDay: Sunday
UseExportEndDay: True
UseSSN: False

2015/04/16 16:58:22:info: Logging initialised
2015/04/16 16:58:22:info: PayrollExport.EXE Started
2015/04/16 16:58:22:info: Loading Configuration File
2015/04/16 16:58:22:info: 
Payroll Export Configuration
ExportFileSaveLocation: c:\PayrollExport\Export
ExportFileBackupLocation: c:\PayrollExport\Export\Backup
UseDecimalHourFormat: True
ExportHourlyPaid: True
ExportSalaryPaid: False
ExportEndDay: Sunday
UseExportEndDay: True
UseSSN: False

2015/04/16 17:09:04:info: Logging initialised
2015/04/16 17:09:04:info: PayrollExport.EXE Started
2015/04/16 17:09:04:info: Loading Configuration File
2015/04/16 17:09:04:info: 
Payroll Export Configuration
ExportFileSaveLocation: c:\PayrollExport\Export
ExportFileBackupLocation: c:\PayrollExport\Export\Backup
UseDecimalHourFormat: True
ExportHourlyPaid: True
ExportSalaryPaid: False
ExportEndDay: Sunday
UseExportEndDay: True
UseSSN: False

2015/04/16 17:09:19:info: PayrollExport.EXE Ended
2015/04/16 17:10:56:info: Logging initialised
2015/04/16 17:10:56:info: PayrollExport.EXE Started
2015/04/16 17:10:56:info: Loading Configuration File
2015/04/16 17:10:56:info: 
Payroll Export Configuration
ExportFileSaveLocation: c:\PayrollExport\Export
ExportFileBackupLocation: c:\PayrollExport\Export\Backup
UseDecimalHourFormat: True
ExportHourlyPaid: True
ExportSalaryPaid: False
ExportEndDay: Sunday
UseExportEndDay: True
UseSSN: False

2015/04/16 17:11:38:info: Logging initialised
2015/04/16 17:11:38:info: PayrollExport.EXE Started
2015/04/16 17:11:38:info: Loading Configuration File
2015/04/16 17:11:38:info: 
Payroll Export Configuration
ExportFileSaveLocation: c:\PayrollExport\Export
ExportFileBackupLocation: c:\PayrollExport\Export\Backup
UseDecimalHourFormat: True
ExportHourlyPaid: True
ExportSalaryPaid: False
ExportEndDay: Sunday
UseExportEndDay: True
UseSSN: False

2015/04/16 17:12:02:info: Logging initialised
2015/04/16 17:12:02:info: PayrollExport.EXE Started
2015/04/16 17:12:02:info: Loading Configuration File
2015/04/16 17:12:02:info: 
Payroll Export Configuration
ExportFileSaveLocation: c:\PayrollExport\Export
ExportFileBackupLocation: c:\PayrollExport\Export\Backup
UseDecimalHourFormat: True
ExportHourlyPaid: True
ExportSalaryPaid: False
ExportEndDay: Sunday
UseExportEndDay: True
UseSSN: False

2015/04/16 17:12:52:info: Logging initialised
2015/04/16 17:12:52:info: PayrollExport.EXE Started
2015/04/16 17:12:52:info: Loading Configuration File
2015/04/16 17:12:52:info: 
Payroll Export Configuration
ExportFileSaveLocation: c:\PayrollExport\Export
ExportFileBackupLocation: c:\PayrollExport\Export\Backup
UseDecimalHourFormat: True
ExportHourlyPaid: True
ExportSalaryPaid: False
ExportEndDay: Sunday
UseExportEndDay: True
UseSSN: False

2015/04/16 17:13:39:info: PayrollExport.EXE Ended
2015/04/16 17:16:46:info: Logging initialised
2015/04/16 17:16:46:info: PayrollExport.EXE Started
2015/04/16 17:16:46:info: Loading Configuration File
2015/04/16 17:16:46:info: 
Payroll Export Configuration
ExportFileSaveLocation: c:\PayrollExport\Export
ExportFileBackupLocation: c:\PayrollExport\Export\Backup
UseDecimalHourFormat: True
ExportHourlyPaid: True
ExportSalaryPaid: False
ExportEndDay: Sunday
UseExportEndDay: True
UseSSN: False

2015/04/16 17:17:42:info: PayrollExport.EXE Ended
2015/04/16 17:22:26:info: Logging initialised
2015/04/16 17:22:26:info: PayrollExport.EXE Started
2015/04/16 17:22:26:info: Loading Configuration File
2015/04/16 17:22:26:info: 
Payroll Export Configuration
ExportFileSaveLocation: c:\PayrollExport\Export
ExportFileBackupLocation: c:\PayrollExport\Export\Backup
UseDecimalHourFormat: True
ExportHourlyPaid: True
ExportSalaryPaid: False
ExportEndDay: Sunday
UseExportEndDay: True
UseSSN: False

2015/04/16 17:22:27:info: PayrollExport.EXE Ended
2015/04/16 17:22:36:info: Logging initialised
2015/04/16 17:22:36:info: PayrollExport.EXE Started
2015/04/16 17:22:36:info: Loading Configuration File
2015/04/16 17:22:36:info: 
Payroll Export Configuration
ExportFileSaveLocation: c:\PayrollExport\Export
ExportFileBackupLocation: c:\PayrollExport\Export\Backup
UseDecimalHourFormat: True
ExportHourlyPaid: True
ExportSalaryPaid: False
ExportEndDay: Sunday
UseExportEndDay: True
UseSSN: False

2015/04/16 17:22:42:info: PayrollExport.EXE Ended
2015/04/16 17:29:51:info: Logging initialised
2015/04/16 17:29:51:info: PayrollExport.EXE Started
2015/04/16 17:29:51:info: Loading Configuration File
2015/04/16 17:29:51:info: 
Payroll Export Configuration
ExportFileSaveLocation: c:\PayrollExport\Export
ExportFileBackupLocation: c:\PayrollExport\Export\Backup
UseDecimalHourFormat: True
ExportHourlyPaid: True
ExportSalaryPaid: False
ExportEndDay: Sunday
UseExportEndDay: True
UseSSN: False

2015/04/16 17:31:00:info: Logging initialised
2015/04/16 17:31:00:info: PayrollExport.EXE Started
2015/04/16 17:31:00:info: Loading Configuration File
2015/04/16 17:31:00:info: 
Payroll Export Configuration
ExportFileSaveLocation: c:\PayrollExport\Export
ExportFileBackupLocation: c:\PayrollExport\Export\Backup
UseDecimalHourFormat: True
ExportHourlyPaid: True
ExportSalaryPaid: False
ExportEndDay: Sunday
UseExportEndDay: True
UseSSN: False

2015/04/16 17:31:07:info: PayrollExport.EXE Ended
2015/04/16 17:31:30:info: Logging initialised
2015/04/16 17:31:30:info: PayrollExport.EXE Started
2015/04/16 17:31:30:info: Loading Configuration File
2015/04/16 17:31:30:info: 
Payroll Export Configuration
ExportFileSaveLocation: c:\PayrollExport\Export
ExportFileBackupLocation: c:\PayrollExport\Export\Backup
UseDecimalHourFormat: True
ExportHourlyPaid: True
ExportSalaryPaid: False
ExportEndDay: Sunday
UseExportEndDay: True
UseSSN: False

2015/04/16 17:31:35:info: PayrollExport.EXE Ended
2015/04/16 17:31:50:info: Logging initialised
2015/04/16 17:31:50:info: PayrollExport.EXE Started
2015/04/16 17:31:50:info: Loading Configuration File
2015/04/16 17:31:50:info: 
Payroll Export Configuration
ExportFileSaveLocation: c:\PayrollExport\Export
ExportFileBackupLocation: c:\PayrollExport\Export\Backup
UseDecimalHourFormat: True
ExportHourlyPaid: True
ExportSalaryPaid: False
ExportEndDay: Sunday
UseExportEndDay: True
UseSSN: False

2015/04/16 17:32:55:info: PayrollExport.EXE Ended
2015/04/16 17:33:28:info: Logging initialised
2015/04/16 17:33:28:info: PayrollExport.EXE Started
2015/04/16 17:33:28:info: Loading Configuration File
2015/04/16 17:33:28:info: 
Payroll Export Configuration
ExportFileSaveLocation: c:\PayrollExport\Export
ExportFileBackupLocation: c:\PayrollExport\Export\Backup
UseDecimalHourFormat: True
ExportHourlyPaid: True
ExportSalaryPaid: False
ExportEndDay: Sunday
UseExportEndDay: True
UseSSN: False

2015/04/16 17:33:58:info: PayrollExport.EXE Ended
