2015/05/06 14:07:18:info: Logging initialised
2015/05/06 14:07:18:info: PayrollExport.EXE Started
2015/05/06 14:07:18:info: Loading Configuration File
2015/05/06 14:07:18:info: 
Payroll Export Configuration
ExportFileSaveLocation: c:\PayrollExport\Export
ExportFileBackupLocation: c:\PayrollExport\Export\Backup
UseDecimalHourFormat: True
ExportHourlyPaid: True
ExportSalaryPaid: False
ExportEndDay: Sunday
UseExportEndDay: True
UseSSN: False

2015/05/06 14:07:57:info: Loading scripts
2015/05/06 14:07:57:info: 1 scripts loaded 
2015/05/06 14:08:57:info: PayrollExport.EXE Ended
2015/05/06 14:52:23:info: Logging initialised
2015/05/06 14:52:23:info: PayrollExport.EXE Started
2015/05/06 14:52:23:info: Loading Configuration File
2015/05/06 14:52:23:info: 
Payroll Export Configuration
ExportFileSaveLocation: c:\PayrollExport\Export
ExportFileBackupLocation: c:\PayrollExport\Export\Backup
UseDecimalHourFormat: True
ExportHourlyPaid: True
ExportSalaryPaid: False
ExportEndDay: Sunday
UseExportEndDay: True
UseSSN: False

2015/05/06 14:52:36:info: Loading scripts
2015/05/06 14:52:36:info: 1 scripts loaded 
