2015/05/27 09:53:07:info: Logging initialised
2015/05/27 09:53:07:info: PayrollExport.EXE Started
2015/05/27 09:53:07:info: Loading Configuration File
2015/05/27 09:53:07:info: 
Payroll Export Configuration
ExportFileSaveLocation: PayrollExportFiles\Export
ExportFileBackupLocation: PayrollExportFiles\ExportBackup
UseDecimalHourFormat: True
ExportHourlyPaid: True
ExportSalaryPaid: False
ExportEndDay: Sunday
UseExportEndDay: True
UseSSN: False
WorkedJobsPerRow: 4

2015/05/27 09:53:11:info: PayrollExport.EXE Ended
2015/05/27 10:10:35:info: Logging initialised
2015/05/27 10:10:35:info: PayrollExport.EXE Started
2015/05/27 10:10:35:info: Loading Configuration File
2015/05/27 10:10:35:info: 
Payroll Export Configuration
ExportFileSaveLocation: PayrollExportFiles\Export
ExportFileBackupLocation: PayrollExportFiles\ExportBackup
UseDecimalHourFormat: True
ExportHourlyPaid: True
ExportSalaryPaid: False
ExportEndDay: Sunday
UseExportEndDay: True
UseSSN: False
WorkedJobsPerRow: 4

2015/05/27 10:10:53:info: User confirmed all payroll times are verified
2015/05/27 10:10:53:info: Begin DoExort()
2015/05/27 10:10:53:info: Generating payroll export for 06/04/2015 00:00:00 to 12/04/2015 00:00:00
2015/05/27 10:10:53:info: Loading scripts
2015/05/27 10:10:53:info: 1 scripts loaded 
2015/05/27 10:10:53:info: Begin GetPayrollDataFromAztec()
2015/05/27 10:11:09:info: Payroll export query generated 42 rows
2015/05/27 10:11:09:info: End GetPayrollDataFromAztec()
2015/05/27 10:11:20:info: PayrollExport.EXE Ended
2015/05/27 10:13:34:info: Logging initialised
2015/05/27 10:13:34:info: PayrollExport.EXE Started
2015/05/27 10:13:34:info: Loading Configuration File
2015/05/27 10:13:34:info: 
Payroll Export Configuration
ExportFileSaveLocation: PayrollExportFiles\Export
ExportFileBackupLocation: PayrollExportFiles\ExportBackup
UseDecimalHourFormat: True
ExportHourlyPaid: True
ExportSalaryPaid: False
ExportEndDay: Sunday
UseExportEndDay: True
UseSSN: False
WorkedJobsPerRow: 4

2015/05/27 10:13:56:info: User confirmed all payroll times are verified
2015/05/27 10:13:56:info: Begin DoExort()
2015/05/27 10:13:56:info: Generating payroll export for 06/04/2015 00:00:00 to 12/04/2015 00:00:00
2015/05/27 10:13:56:info: Loading scripts
2015/05/27 10:13:56:info: 1 scripts loaded 
2015/05/27 10:13:56:info: Begin GetPayrollDataFromAztec()
2015/05/27 10:14:00:info: Payroll export query generated 42 rows
2015/05/27 10:14:00:info: End GetPayrollDataFromAztec()
2015/05/27 10:15:33:info: User confirmed all payroll times are verified
2015/05/27 10:15:33:info: Begin DoExort()
2015/05/27 10:15:33:info: Generating payroll export for 06/04/2015 00:00:00 to 12/04/2015 00:00:00
2015/05/27 10:15:33:info: Begin GetPayrollDataFromAztec()
2015/05/27 10:15:37:info: Payroll export query generated 42 rows
2015/05/27 10:15:37:info: End GetPayrollDataFromAztec()
2015/05/27 10:18:33:info: User confirmed all payroll times are verified
2015/05/27 10:18:33:info: Begin DoExort()
2015/05/27 10:18:33:info: Generating payroll export for 06/04/2015 00:00:00 to 12/04/2015 00:00:00
2015/05/27 10:18:33:info: Begin GetPayrollDataFromAztec()
2015/05/27 10:18:38:info: Payroll export query generated 42 rows
2015/05/27 10:18:38:info: End GetPayrollDataFromAztec()
2015/05/27 10:20:50:info: PayrollExport.EXE Ended
2015/05/27 11:34:53:info: Logging initialised
2015/05/27 11:34:53:info: PayrollExport.EXE Started
2015/05/27 11:34:53:info: Loading Configuration File
2015/05/27 11:34:53:info: 
Payroll Export Configuration
ExportFileSaveLocation: PayrollExportFiles\Export
ExportFileBackupLocation: PayrollExportFiles\ExportBackup
UseDecimalHourFormat: True
ExportHourlyPaid: True
ExportSalaryPaid: False
ExportEndDay: Sunday
UseExportEndDay: True
UseSSN: False
WorkedJobsPerRow: 4
ExportPeriodEnabled: False
DefaultExportPeriod: 0

2015/05/27 11:34:59:info: PayrollExport.EXE Ended
2015/05/27 11:35:19:info: Logging initialised
2015/05/27 11:35:19:info: PayrollExport.EXE Started
2015/05/27 11:35:19:info: Loading Configuration File
2015/05/27 11:35:19:info: 
Payroll Export Configuration
ExportFileSaveLocation: PayrollExportFiles\Export
ExportFileBackupLocation: PayrollExportFiles\ExportBackup
UseDecimalHourFormat: True
ExportHourlyPaid: True
ExportSalaryPaid: False
ExportEndDay: Sunday
UseExportEndDay: True
UseSSN: False
WorkedJobsPerRow: 4
ExportPeriodEnabled: False
DefaultExportPeriod: 0

2015/05/27 11:35:27:info: PayrollExport.EXE Ended
2015/05/27 11:57:37:info: Logging initialised
2015/05/27 11:57:37:info: PayrollExport.EXE Started
2015/05/27 11:57:37:info: Loading Configuration File
2015/05/27 11:57:37:info: 
Payroll Export Configuration
ExportFileSaveLocation: PayrollExportFiles\Export
ExportFileBackupLocation: PayrollExportFiles\ExportBackup
UseDecimalHourFormat: True
ExportHourlyPaid: True
ExportSalaryPaid: False
ExportEndDay: Sunday
UseExportEndDay: True
UseSSN: False
WorkedJobsPerRow: 4
ExportPeriodEnabled: False
DefaultExportPeriod: 0

2015/05/27 11:58:26:info: PayrollExport.EXE Ended
2015/05/27 11:58:41:info: Logging initialised
2015/05/27 11:58:41:info: PayrollExport.EXE Started
2015/05/27 11:58:41:info: Loading Configuration File
2015/05/27 11:58:41:info: 
Payroll Export Configuration
ExportFileSaveLocation: PayrollExportFiles\Export
ExportFileBackupLocation: PayrollExportFiles\ExportBackup
UseDecimalHourFormat: True
ExportHourlyPaid: True
ExportSalaryPaid: False
ExportEndDay: Sunday
UseExportEndDay: True
UseSSN: False
WorkedJobsPerRow: 4
ExportPeriodEnabled: False
DefaultExportPeriod: 1

2015/05/27 11:58:50:info: User confirmed all payroll times are verified
2015/05/27 11:58:50:info: Begin DoExort()
2015/05/27 11:58:50:info: Generating payroll export for 06/04/2015 00:00:00 to 12/04/2015 00:00:00
2015/05/27 11:58:50:info: Loading scripts
2015/05/27 11:58:50:info: 1 scripts loaded 
2015/05/27 11:58:50:info: Begin GetPayrollDataFromAztec()
2015/05/27 11:58:54:info: Payroll export query generated 42 rows
2015/05/27 11:58:54:info: End GetPayrollDataFromAztec()
2015/05/27 12:00:07:info: PayrollExport.EXE Ended
2015/05/27 12:00:25:info: Logging initialised
2015/05/27 12:00:25:info: PayrollExport.EXE Started
2015/05/27 12:00:25:info: Loading Configuration File
2015/05/27 12:00:25:info: 
Payroll Export Configuration
ExportFileSaveLocation: PayrollExportFiles\Export
ExportFileBackupLocation: PayrollExportFiles\ExportBackup
UseDecimalHourFormat: True
ExportHourlyPaid: True
ExportSalaryPaid: False
ExportEndDay: Sunday
UseExportEndDay: True
UseSSN: False
WorkedJobsPerRow: 4
ExportPeriodEnabled: False
DefaultExportPeriod: 3

2015/05/27 12:00:35:info: User confirmed all payroll times are verified
2015/05/27 12:00:35:info: Begin DoExort()
2015/05/27 12:00:35:info: Generating payroll export for 06/04/2015 00:00:00 to 12/04/2015 00:00:00
2015/05/27 12:00:35:info: Loading scripts
2015/05/27 12:00:35:info: 1 scripts loaded 
2015/05/27 12:00:35:info: Begin GetPayrollDataFromAztec()
2015/05/27 12:00:39:info: Payroll export query generated 42 rows
2015/05/27 12:00:39:info: End GetPayrollDataFromAztec()
2015/05/27 12:01:56:info: PayrollExport.EXE Ended
2015/05/27 12:02:04:info: Logging initialised
2015/05/27 12:02:04:info: PayrollExport.EXE Started
2015/05/27 12:02:04:info: Loading Configuration File
2015/05/27 12:02:04:info: 
Payroll Export Configuration
ExportFileSaveLocation: PayrollExportFiles\Export
ExportFileBackupLocation: PayrollExportFiles\ExportBackup
UseDecimalHourFormat: True
ExportHourlyPaid: True
ExportSalaryPaid: False
ExportEndDay: Sunday
UseExportEndDay: True
UseSSN: False
WorkedJobsPerRow: 4
ExportPeriodEnabled: False
DefaultExportPeriod: 1

2015/05/27 12:02:24:info: User confirmed all payroll times are verified
2015/05/27 12:02:24:info: Begin DoExort()
2015/05/27 12:02:24:info: Generating payroll export for 13/04/2015 00:00:00 to 19/04/2015 00:00:00
2015/05/27 12:02:24:info: Loading scripts
2015/05/27 12:02:24:info: 1 scripts loaded 
2015/05/27 12:02:24:info: Begin GetPayrollDataFromAztec()
2015/05/27 12:02:26:info: End GetPayrollDataFromAztec()
2015/05/27 12:02:26:info: No payroll data to export.
2015/05/27 12:02:26:info: End DoExort()
2015/05/27 12:02:50:info: PayrollExport.EXE Ended
2015/05/27 12:06:37:info: Logging initialised
2015/05/27 12:06:37:info: PayrollExport.EXE Started
2015/05/27 12:06:37:info: Loading Configuration File
2015/05/27 12:06:37:info: 
Payroll Export Configuration
ExportFileSaveLocation: PayrollExportFiles\Export
ExportFileBackupLocation: PayrollExportFiles\ExportBackup
UseDecimalHourFormat: True
ExportHourlyPaid: True
ExportSalaryPaid: False
ExportEndDay: Sunday
UseExportEndDay: True
UseSSN: False
WorkedJobsPerRow: 4
ExportPeriodEnabled: False
DefaultExportPeriod: 1

2015/05/27 12:07:22:info: PayrollExport.EXE Ended
2015/05/27 12:10:46:info: Logging initialised
2015/05/27 12:10:46:info: PayrollExport.EXE Started
2015/05/27 12:10:46:info: Loading Configuration File
2015/05/27 12:10:46:info: 
Payroll Export Configuration
ExportFileSaveLocation: PayrollExportFiles\Export
ExportFileBackupLocation: PayrollExportFiles\ExportBackup
UseDecimalHourFormat: True
ExportHourlyPaid: True
ExportSalaryPaid: False
ExportEndDay: Sunday
UseExportEndDay: True
UseSSN: False
WorkedJobsPerRow: 4
ExportPeriodEnabled: False
DefaultExportPeriod: 1

2015/05/27 12:11:47:info: PayrollExport.EXE Ended
2015/05/27 12:12:47:info: Logging initialised
2015/05/27 12:12:47:info: PayrollExport.EXE Started
2015/05/27 12:12:50:info: Loading Configuration File
2015/05/27 12:12:50:info: 
Payroll Export Configuration
ExportFileSaveLocation: PayrollExportFiles\Export
ExportFileBackupLocation: PayrollExportFiles\ExportBackup
UseDecimalHourFormat: True
ExportHourlyPaid: True
ExportSalaryPaid: False
ExportEndDay: Sunday
UseExportEndDay: True
UseSSN: False
WorkedJobsPerRow: 4
ExportPeriodEnabled: False
DefaultExportPeriod: 1

2015/05/27 12:15:23:info: PayrollExport.EXE Ended
2015/05/27 12:15:26:info: Logging initialised
2015/05/27 12:15:26:info: PayrollExport.EXE Started
2015/05/27 12:15:31:info: Loading Configuration File
2015/05/27 12:15:57:info: 
Payroll Export Configuration
ExportFileSaveLocation: PayrollExportFiles\Export
ExportFileBackupLocation: PayrollExportFiles\ExportBackup
UseDecimalHourFormat: True
ExportHourlyPaid: True
ExportSalaryPaid: False
ExportEndDay: Sunday
UseExportEndDay: True
UseSSN: False
WorkedJobsPerRow: 4
ExportPeriodEnabled: False
DefaultExportPeriod: 1

2015/05/27 12:17:14:info: PayrollExport.EXE Ended
2015/05/27 12:24:30:info: Logging initialised
2015/05/27 12:24:30:info: PayrollExport.EXE Started
2015/05/27 12:24:31:info: Loading Configuration File
2015/05/27 12:24:34:info: 
Payroll Export Configuration
ExportFileSaveLocation: PayrollExportFiles\Export
ExportFileBackupLocation: PayrollExportFiles\ExportBackup
UseDecimalHourFormat: True
ExportHourlyPaid: True
ExportSalaryPaid: False
ExportEndDay: Sunday
UseExportEndDay: True
UseSSN: False
WorkedJobsPerRow: 4
ExportPeriodEnabled: False
DefaultExportPeriod: 1

2015/05/27 12:24:56:info: PayrollExport.EXE Ended
2015/05/27 12:24:58:info: Logging initialised
2015/05/27 12:24:58:info: PayrollExport.EXE Started
2015/05/27 12:25:08:info: Loading Configuration File
2015/05/27 12:25:17:info: 
Payroll Export Configuration
ExportFileSaveLocation: PayrollExportFiles\Export
ExportFileBackupLocation: PayrollExportFiles\ExportBackup
UseDecimalHourFormat: True
ExportHourlyPaid: True
ExportSalaryPaid: False
ExportEndDay: Sunday
UseExportEndDay: True
UseSSN: False
WorkedJobsPerRow: 4
ExportPeriodEnabled: False
DefaultExportPeriod: 1

2015/05/27 12:38:43:info: Logging initialised
2015/05/27 12:38:43:info: PayrollExport.EXE Started
2015/05/27 12:38:48:info: Loading Configuration File
2015/05/27 12:38:48:info: 
Payroll Export Configuration
ExportFileSaveLocation: PayrollExportFiles\Export
ExportFileBackupLocation: PayrollExportFiles\ExportBackup
UseDecimalHourFormat: True
ExportHourlyPaid: True
ExportSalaryPaid: False
ExportEndDay: Sunday
UseExportEndDay: True
UseSSN: False
WorkedJobsPerRow: 4
ExportPeriodEnabled: False
DefaultExportPeriod: TwoWeeks

2015/05/27 12:39:49:info: User confirmed all payroll times are verified
2015/05/27 12:39:49:info: Begin DoExort()
2015/05/27 12:39:49:info: Generating payroll export for 30/03/2015 00:00:00 to 12/04/2015 00:00:00
2015/05/27 12:39:49:info: Loading scripts
2015/05/27 12:39:49:info: 1 scripts loaded 
2015/05/27 12:39:49:info: Begin GetPayrollDataFromAztec()
2015/05/27 12:39:58:info: Payroll export query generated 44 rows
2015/05/27 12:39:58:info: End GetPayrollDataFromAztec()
2015/05/27 14:09:50:info: PayrollExport.EXE Ended
